{"/spotify-radio/server/config.js": {"path":"/spotify-radio/server/config.js","statementMap":{"0":{"start":{"line":4,"column":19},"end":{"line":4,"column":58}},"1":{"start":{"line":5,"column":13},"end":{"line":5,"column":36}},"2":{"start":{"line":6,"column":23},"end":{"line":6,"column":42}},"3":{"start":{"line":7,"column":24},"end":{"line":7,"column":44}},"4":{"start":{"line":8,"column":23},"end":{"line":8,"column":52}},"5":{"start":{"line":9,"column":20},"end":{"line":9,"column":46}}},"fnMap":{},"branchMap":{"0":{"loc":{"start":{"line":12,"column":10},"end":{"line":12,"column":34}},"type":"binary-expr","locations":[{"start":{"line":12,"column":10},"end":{"line":12,"column":26}},{"start":{"line":12,"column":30},"end":{"line":12,"column":34}}],"line":12}},"s":{"0":3,"1":3,"2":3,"3":3,"4":3,"5":3},"f":{},"b":{"0":[3,3]},"_coverageSchema":"1a1c01bbd47fc00a2c39e90264f33305004495a9","hash":"13ac157ec56cd7fc5c7fbbac332b3314b63ddae8"}
,"/spotify-radio/server/controller.js": {"path":"/spotify-radio/server/controller.js","statementMap":{"0":{"start":{"line":6,"column":8},"end":{"line":6,"column":36}},"1":{"start":{"line":10,"column":8},"end":{"line":10,"column":51}},"2":{"start":{"line":14,"column":8},"end":{"line":14,"column":51}},"3":{"start":{"line":15,"column":23},"end":{"line":17,"column":9}},"4":{"start":{"line":18,"column":20},"end":{"line":18,"column":41}},"5":{"start":{"line":19,"column":8},"end":{"line":22,"column":9}},"6":{"start":{"line":20,"column":12},"end":{"line":20,"column":46}},"7":{"start":{"line":21,"column":12},"end":{"line":21,"column":25}},"8":{"start":{"line":23,"column":8},"end":{"line":26,"column":9}},"9":{"start":{"line":24,"column":12},"end":{"line":24,"column":40}},"10":{"start":{"line":25,"column":12},"end":{"line":25,"column":25}},"11":{"start":{"line":28,"column":8},"end":{"line":28,"column":21}},"12":{"start":{"line":36,"column":12},"end":{"line":36,"column":45}},"13":{"start":{"line":38,"column":24},"end":{"line":41,"column":9}},"14":{"start":{"line":39,"column":12},"end":{"line":39,"column":54}},"15":{"start":{"line":40,"column":12},"end":{"line":40,"column":47}},"16":{"start":{"line":43,"column":8},"end":{"line":46,"column":9}}},"fnMap":{"0":{"name":"(anonymous_0)","decl":{"start":{"line":5,"column":4},"end":{"line":5,"column":5}},"loc":{"start":{"line":5,"column":18},"end":{"line":7,"column":5}},"line":5},"1":{"name":"(anonymous_1)","decl":{"start":{"line":9,"column":4},"end":{"line":9,"column":5}},"loc":{"start":{"line":9,"column":34},"end":{"line":11,"column":5}},"line":9},"2":{"name":"(anonymous_2)","decl":{"start":{"line":13,"column":4},"end":{"line":13,"column":5}},"loc":{"start":{"line":13,"column":35},"end":{"line":29,"column":5}},"line":13},"3":{"name":"(anonymous_3)","decl":{"start":{"line":31,"column":4},"end":{"line":31,"column":5}},"loc":{"start":{"line":31,"column":25},"end":{"line":47,"column":5}},"line":31},"4":{"name":"(anonymous_4)","decl":{"start":{"line":38,"column":24},"end":{"line":38,"column":25}},"loc":{"start":{"line":38,"column":30},"end":{"line":41,"column":9}},"line":38}},"branchMap":{"0":{"loc":{"start":{"line":19,"column":8},"end":{"line":22,"column":9}},"type":"if","locations":[{"start":{"line":19,"column":8},"end":{"line":22,"column":9}},{"start":{},"end":{}}],"line":19},"1":{"loc":{"start":{"line":23,"column":8},"end":{"line":26,"column":9}},"type":"if","locations":[{"start":{"line":23,"column":8},"end":{"line":26,"column":9}},{"start":{},"end":{}}],"line":23}},"s":{"0":6,"1":1,"2":3,"3":3,"4":3,"5":3,"6":1,"7":1,"8":2,"9":1,"10":1,"11":1,"12":1,"13":1,"14":1,"15":1,"16":1},"f":{"0":6,"1":1,"2":3,"3":1,"4":1},"b":{"0":[1,2],"1":[1,1]},"_coverageSchema":"1a1c01bbd47fc00a2c39e90264f33305004495a9","hash":"ee4e038ed53c280fb4ae470ad0f4fd6995a74e1a"}
,"/spotify-radio/server/routes.js": {"path":"/spotify-radio/server/routes.js","statementMap":{"0":{"start":{"line":15,"column":4},"end":{"line":15,"column":10}},"1":{"start":{"line":19,"column":19},"end":{"line":19,"column":35}},"2":{"start":{"line":22,"column":26},"end":{"line":22,"column":33}},"3":{"start":{"line":24,"column":4},"end":{"line":30,"column":5}},"4":{"start":{"line":25,"column":8},"end":{"line":27,"column":10}},"5":{"start":{"line":29,"column":8},"end":{"line":29,"column":29}},"6":{"start":{"line":32,"column":4},"end":{"line":38,"column":5}},"7":{"start":{"line":35,"column":12},"end":{"line":35,"column":52}},"8":{"start":{"line":37,"column":8},"end":{"line":37,"column":36}},"9":{"start":{"line":40,"column":4},"end":{"line":46,"column":5}},"10":{"start":{"line":43,"column":12},"end":{"line":43,"column":58}},"11":{"start":{"line":45,"column":8},"end":{"line":45,"column":36}},"12":{"start":{"line":48,"column":4},"end":{"line":60,"column":5}},"13":{"start":{"line":50,"column":34},"end":{"line":50,"column":65}},"14":{"start":{"line":52,"column":8},"end":{"line":52,"column":38}},"15":{"start":{"line":54,"column":8},"end":{"line":57,"column":10}},"16":{"start":{"line":59,"column":8},"end":{"line":59,"column":36}},"17":{"start":{"line":62,"column":4},"end":{"line":68,"column":5}},"18":{"start":{"line":63,"column":21},"end":{"line":63,"column":48}},"19":{"start":{"line":64,"column":21},"end":{"line":64,"column":37}},"20":{"start":{"line":65,"column":23},"end":{"line":65,"column":59}},"21":{"start":{"line":67,"column":8},"end":{"line":67,"column":51}},"22":{"start":{"line":70,"column":4},"end":{"line":86,"column":5}},"23":{"start":{"line":75,"column":12},"end":{"line":75,"column":47}},"24":{"start":{"line":77,"column":28},"end":{"line":77,"column":46}},"25":{"start":{"line":79,"column":8},"end":{"line":83,"column":9}},"26":{"start":{"line":80,"column":12},"end":{"line":82,"column":14}},"27":{"start":{"line":85,"column":8},"end":{"line":85,"column":37}},"28":{"start":{"line":88,"column":4},"end":{"line":88,"column":27}},"29":{"start":{"line":89,"column":4},"end":{"line":89,"column":25}},"30":{"start":{"line":93,"column":4},"end":{"line":97,"column":5}},"31":{"start":{"line":94,"column":8},"end":{"line":94,"column":53}},"32":{"start":{"line":95,"column":8},"end":{"line":95,"column":31}},"33":{"start":{"line":96,"column":8},"end":{"line":96,"column":29}},"34":{"start":{"line":99,"column":4},"end":{"line":99,"column":54}},"35":{"start":{"line":100,"column":4},"end":{"line":100,"column":27}},"36":{"start":{"line":101,"column":4},"end":{"line":101,"column":25}},"37":{"start":{"line":105,"column":4},"end":{"line":106,"column":53}},"38":{"start":{"line":106,"column":24},"end":{"line":106,"column":52}}},"fnMap":{"0":{"name":"routes","decl":{"start":{"line":21,"column":15},"end":{"line":21,"column":21}},"loc":{"start":{"line":21,"column":41},"end":{"line":90,"column":1}},"line":21},"1":{"name":"handleError","decl":{"start":{"line":92,"column":9},"end":{"line":92,"column":20}},"loc":{"start":{"line":92,"column":38},"end":{"line":102,"column":1}},"line":92},"2":{"name":"handler","decl":{"start":{"line":104,"column":16},"end":{"line":104,"column":23}},"loc":{"start":{"line":104,"column":43},"end":{"line":107,"column":1}},"line":104},"3":{"name":"(anonymous_3)","decl":{"start":{"line":106,"column":15},"end":{"line":106,"column":16}},"loc":{"start":{"line":106,"column":24},"end":{"line":106,"column":52}},"line":106}},"branchMap":{"0":{"loc":{"start":{"line":24,"column":4},"end":{"line":30,"column":5}},"type":"if","locations":[{"start":{"line":24,"column":4},"end":{"line":30,"column":5}},{"start":{},"end":{}}],"line":24},"1":{"loc":{"start":{"line":24,"column":8},"end":{"line":24,"column":39}},"type":"binary-expr","locations":[{"start":{"line":24,"column":8},"end":{"line":24,"column":24}},{"start":{"line":24,"column":28},"end":{"line":24,"column":39}}],"line":24},"2":{"loc":{"start":{"line":32,"column":4},"end":{"line":38,"column":5}},"type":"if","locations":[{"start":{"line":32,"column":4},"end":{"line":38,"column":5}},{"start":{},"end":{}}],"line":32},"3":{"loc":{"start":{"line":32,"column":8},"end":{"line":32,"column":43}},"type":"binary-expr","locations":[{"start":{"line":32,"column":8},"end":{"line":32,"column":24}},{"start":{"line":32,"column":28},"end":{"line":32,"column":43}}],"line":32},"4":{"loc":{"start":{"line":40,"column":4},"end":{"line":46,"column":5}},"type":"if","locations":[{"start":{"line":40,"column":4},"end":{"line":46,"column":5}},{"start":{},"end":{}}],"line":40},"5":{"loc":{"start":{"line":40,"column":8},"end":{"line":40,"column":49}},"type":"binary-expr","locations":[{"start":{"line":40,"column":8},"end":{"line":40,"column":24}},{"start":{"line":40,"column":28},"end":{"line":40,"column":49}}],"line":40},"6":{"loc":{"start":{"line":48,"column":4},"end":{"line":60,"column":5}},"type":"if","locations":[{"start":{"line":48,"column":4},"end":{"line":60,"column":5}},{"start":{},"end":{}}],"line":48},"7":{"loc":{"start":{"line":48,"column":8},"end":{"line":48,"column":50}},"type":"binary-expr","locations":[{"start":{"line":48,"column":8},"end":{"line":48,"column":23}},{"start":{"line":48,"column":27},"end":{"line":48,"column":50}}],"line":48},"8":{"loc":{"start":{"line":62,"column":4},"end":{"line":68,"column":5}},"type":"if","locations":[{"start":{"line":62,"column":4},"end":{"line":68,"column":5}},{"start":{},"end":{}}],"line":62},"9":{"loc":{"start":{"line":62,"column":8},"end":{"line":62,"column":50}},"type":"binary-expr","locations":[{"start":{"line":62,"column":8},"end":{"line":62,"column":25}},{"start":{"line":62,"column":29},"end":{"line":62,"column":50}}],"line":62},"10":{"loc":{"start":{"line":70,"column":4},"end":{"line":86,"column":5}},"type":"if","locations":[{"start":{"line":70,"column":4},"end":{"line":86,"column":5}},{"start":{},"end":{}}],"line":70},"11":{"loc":{"start":{"line":79,"column":8},"end":{"line":83,"column":9}},"type":"if","locations":[{"start":{"line":79,"column":8},"end":{"line":83,"column":9}},{"start":{},"end":{}}],"line":79},"12":{"loc":{"start":{"line":93,"column":4},"end":{"line":97,"column":5}},"type":"if","locations":[{"start":{"line":93,"column":4},"end":{"line":97,"column":5}},{"start":{},"end":{}}],"line":93}},"s":{"0":1,"1":1,"2":10,"3":10,"4":1,"5":1,"6":9,"7":1,"8":1,"9":8,"10":1,"11":1,"12":7,"13":1,"14":1,"15":1,"16":1,"17":6,"18":1,"19":1,"20":1,"21":1,"22":5,"23":4,"24":2,"25":2,"26":1,"27":2,"28":1,"29":1,"30":3,"31":1,"32":1,"33":1,"34":2,"35":2,"36":2,"37":10,"38":3},"f":{"0":10,"1":3,"2":10,"3":3},"b":{"0":[1,9],"1":[10,8],"2":[1,8],"3":[9,7],"4":[1,7],"5":[8,6],"6":[1,6],"7":[7,5],"8":[1,5],"9":[6,2],"10":[4,1],"11":[1,1],"12":[1,2]},"_coverageSchema":"1a1c01bbd47fc00a2c39e90264f33305004495a9","hash":"ad20691691575ec19d2beee05e524575d554c44a"}
,"/spotify-radio/server/service.js": {"path":"/spotify-radio/server/service.js","statementMap":{"0":{"start":{"line":23,"column":4},"end":{"line":23,"column":10}},"1":{"start":{"line":28,"column":8},"end":{"line":28,"column":38}},"2":{"start":{"line":29,"column":8},"end":{"line":29,"column":30}},"3":{"start":{"line":30,"column":8},"end":{"line":30,"column":31}},"4":{"start":{"line":31,"column":8},"end":{"line":31,"column":35}},"5":{"start":{"line":32,"column":8},"end":{"line":32,"column":33}},"6":{"start":{"line":36,"column":19},"end":{"line":36,"column":31}},"7":{"start":{"line":37,"column":29},"end":{"line":37,"column":46}},"8":{"start":{"line":38,"column":8},"end":{"line":38,"column":48}},"9":{"start":{"line":40,"column":8},"end":{"line":43,"column":9}},"10":{"start":{"line":48,"column":8},"end":{"line":48,"column":37}},"11":{"start":{"line":52,"column":8},"end":{"line":52,"column":46}},"12":{"start":{"line":56,"column":8},"end":{"line":85,"column":9}},"13":{"start":{"line":57,"column":25},"end":{"line":61,"column":13}},"14":{"start":{"line":67,"column":16},"end":{"line":67,"column":46}},"15":{"start":{"line":69,"column":12},"end":{"line":72,"column":14}},"16":{"start":{"line":74,"column":37},"end":{"line":74,"column":82}},"17":{"start":{"line":74,"column":68},"end":{"line":74,"column":81}},"18":{"start":{"line":75,"column":12},"end":{"line":75,"column":57}},"19":{"start":{"line":75,"column":23},"end":{"line":75,"column":57}},"20":{"start":{"line":77,"column":12},"end":{"line":80,"column":36}},"21":{"start":{"line":83,"column":12},"end":{"line":83,"column":57}},"22":{"start":{"line":84,"column":12},"end":{"line":84,"column":34}},"23":{"start":{"line":90,"column":8},"end":{"line":102,"column":10}},"24":{"start":{"line":92,"column":16},"end":{"line":98,"column":17}},"25":{"start":{"line":93,"column":20},"end":{"line":96,"column":21}},"26":{"start":{"line":94,"column":24},"end":{"line":94,"column":53}},"27":{"start":{"line":95,"column":24},"end":{"line":95,"column":33}},"28":{"start":{"line":97,"column":20},"end":{"line":97,"column":39}},"29":{"start":{"line":100,"column":16},"end":{"line":100,"column":20}},"30":{"start":{"line":106,"column":8},"end":{"line":106,"column":53}},"31":{"start":{"line":108,"column":24},"end":{"line":108,"column":104}},"32":{"start":{"line":109,"column":34},"end":{"line":109,"column":80}},"33":{"start":{"line":110,"column":29},"end":{"line":110,"column":91}},"34":{"start":{"line":112,"column":8},"end":{"line":116,"column":9}},"35":{"start":{"line":120,"column":8},"end":{"line":120,"column":39}},"36":{"start":{"line":124,"column":8},"end":{"line":124,"column":44}},"37":{"start":{"line":129,"column":29},"end":{"line":129,"column":56}},"38":{"start":{"line":131,"column":8},"end":{"line":131,"column":45}},"39":{"start":{"line":132,"column":25},"end":{"line":132,"column":46}},"40":{"start":{"line":133,"column":8},"end":{"line":136,"column":9}},"41":{"start":{"line":141,"column":29},"end":{"line":141,"column":57}},"42":{"start":{"line":142,"column":8},"end":{"line":145,"column":9}}},"fnMap":{"0":{"name":"(anonymous_0)","decl":{"start":{"line":27,"column":4},"end":{"line":27,"column":5}},"loc":{"start":{"line":27,"column":18},"end":{"line":33,"column":5}},"line":27},"1":{"name":"(anonymous_1)","decl":{"start":{"line":35,"column":4},"end":{"line":35,"column":5}},"loc":{"start":{"line":35,"column":25},"end":{"line":45,"column":5}},"line":35},"2":{"name":"(anonymous_2)","decl":{"start":{"line":47,"column":4},"end":{"line":47,"column":5}},"loc":{"start":{"line":47,"column":27},"end":{"line":49,"column":5}},"line":47},"3":{"name":"(anonymous_3)","decl":{"start":{"line":51,"column":4},"end":{"line":51,"column":5}},"loc":{"start":{"line":51,"column":30},"end":{"line":53,"column":5}},"line":51},"4":{"name":"(anonymous_4)","decl":{"start":{"line":55,"column":4},"end":{"line":55,"column":5}},"loc":{"start":{"line":55,"column":27},"end":{"line":86,"column":5}},"line":55},"5":{"name":"(anonymous_5)","decl":{"start":{"line":74,"column":58},"end":{"line":74,"column":59}},"loc":{"start":{"line":74,"column":68},"end":{"line":74,"column":81}},"line":74},"6":{"name":"(anonymous_6)","decl":{"start":{"line":89,"column":4},"end":{"line":89,"column":5}},"loc":{"start":{"line":89,"column":16},"end":{"line":103,"column":5}},"line":89},"7":{"name":"(anonymous_7)","decl":{"start":{"line":91,"column":19},"end":{"line":91,"column":20}},"loc":{"start":{"line":91,"column":39},"end":{"line":101,"column":13}},"line":91},"8":{"name":"(anonymous_8)","decl":{"start":{"line":105,"column":4},"end":{"line":105,"column":5}},"loc":{"start":{"line":105,"column":26},"end":{"line":117,"column":5}},"line":105},"9":{"name":"(anonymous_9)","decl":{"start":{"line":119,"column":4},"end":{"line":119,"column":5}},"loc":{"start":{"line":119,"column":20},"end":{"line":121,"column":5}},"line":119},"10":{"name":"(anonymous_10)","decl":{"start":{"line":123,"column":4},"end":{"line":123,"column":5}},"loc":{"start":{"line":123,"column":31},"end":{"line":125,"column":5}},"line":123},"11":{"name":"(anonymous_11)","decl":{"start":{"line":127,"column":4},"end":{"line":127,"column":5}},"loc":{"start":{"line":127,"column":28},"end":{"line":137,"column":5}},"line":127},"12":{"name":"(anonymous_12)","decl":{"start":{"line":139,"column":4},"end":{"line":139,"column":5}},"loc":{"start":{"line":139,"column":30},"end":{"line":146,"column":5}},"line":139}},"branchMap":{"0":{"loc":{"start":{"line":75,"column":12},"end":{"line":75,"column":57}},"type":"if","locations":[{"start":{"line":75,"column":12},"end":{"line":75,"column":57}},{"start":{},"end":{}}],"line":75},"1":{"loc":{"start":{"line":93,"column":20},"end":{"line":96,"column":21}},"type":"if","locations":[{"start":{"line":93,"column":20},"end":{"line":96,"column":21}},{"start":{},"end":{}}],"line":93}},"s":{"0":3,"1":18,"2":18,"3":18,"4":18,"5":18,"6":1,"7":1,"8":1,"9":1,"10":1,"11":1,"12":2,"13":2,"14":2,"15":2,"16":2,"17":4,"18":2,"19":1,"20":1,"21":1,"22":1,"23":1,"24":1,"25":2,"26":1,"27":1,"28":1,"29":1,"30":1,"31":1,"32":1,"33":1,"34":1,"35":2,"36":2,"37":1,"38":1,"39":1,"40":1,"41":1,"42":1},"f":{"0":18,"1":1,"2":1,"3":1,"4":2,"5":4,"6":1,"7":1,"8":1,"9":2,"10":2,"11":1,"12":1},"b":{"0":[1,1],"1":[1,1]},"_coverageSchema":"1a1c01bbd47fc00a2c39e90264f33305004495a9","hash":"d85d9cd78654f3aace7f907c0f2b35cfafacbc95"}
,"/spotify-radio/server/util.js": {"path":"/spotify-radio/server/util.js","statementMap":{"0":{"start":{"line":3,"column":12},"end":{"line":11,"column":2}},"1":{"start":{"line":13,"column":22},"end":{"line":13,"column":25}}},"fnMap":{},"branchMap":{},"s":{"0":3,"1":3},"f":{},"b":{},"_coverageSchema":"1a1c01bbd47fc00a2c39e90264f33305004495a9","hash":"8046f063b8b4a8f1672901a70cfb329eeaacd776"}
,"/spotify-radio/tests/unit/_util/testUtil.js": {"path":"/spotify-radio/tests/unit/_util/testUtil.js","statementMap":{"0":{"start":{"line":8,"column":8},"end":{"line":16,"column":10}},"1":{"start":{"line":10,"column":16},"end":{"line":12,"column":17}},"2":{"start":{"line":11,"column":20},"end":{"line":11,"column":35}},"3":{"start":{"line":14,"column":16},"end":{"line":14,"column":31}},"4":{"start":{"line":21,"column":8},"end":{"line":26,"column":10}},"5":{"start":{"line":23,"column":16},"end":{"line":23,"column":31}},"6":{"start":{"line":24,"column":16},"end":{"line":24,"column":31}},"7":{"start":{"line":31,"column":30},"end":{"line":31,"column":71}},"8":{"start":{"line":32,"column":25},"end":{"line":32,"column":58}},"9":{"start":{"line":33,"column":21},"end":{"line":43,"column":9}},"10":{"start":{"line":45,"column":8},"end":{"line":48,"column":9}},"11":{"start":{"line":46,"column":26},"end":{"line":46,"column":45}}},"fnMap":{"0":{"name":"(anonymous_0)","decl":{"start":{"line":6,"column":4},"end":{"line":6,"column":5}},"loc":{"start":{"line":6,"column":40},"end":{"line":17,"column":5}},"line":6},"1":{"name":"(anonymous_1)","decl":{"start":{"line":9,"column":12},"end":{"line":9,"column":13}},"loc":{"start":{"line":9,"column":19},"end":{"line":15,"column":13}},"line":9},"2":{"name":"(anonymous_2)","decl":{"start":{"line":19,"column":4},"end":{"line":19,"column":5}},"loc":{"start":{"line":19,"column":42},"end":{"line":27,"column":5}},"line":19},"3":{"name":"(anonymous_3)","decl":{"start":{"line":22,"column":12},"end":{"line":22,"column":13}},"loc":{"start":{"line":22,"column":34},"end":{"line":25,"column":13}},"line":22},"4":{"name":"(anonymous_4)","decl":{"start":{"line":29,"column":4},"end":{"line":29,"column":5}},"loc":{"start":{"line":29,"column":33},"end":{"line":49,"column":5}},"line":29},"5":{"name":"(anonymous_5)","decl":{"start":{"line":46,"column":20},"end":{"line":46,"column":21}},"loc":{"start":{"line":46,"column":26},"end":{"line":46,"column":45}},"line":46}},"branchMap":{},"s":{"0":29,"1":5,"2":5,"3":5,"4":13,"5":1,"6":1,"7":10,"8":10,"9":10,"10":10,"11":10},"f":{"0":29,"1":5,"2":13,"3":1,"4":10,"5":10},"b":{},"_coverageSchema":"1a1c01bbd47fc00a2c39e90264f33305004495a9","hash":"4c79b0d958d86bc1523ec52ed893e95ffe5e7b61"}
}
