TN:
SF:server/config.js
FNF:0
FNH:0
DA:4,3
DA:5,3
DA:6,3
DA:7,3
DA:8,3
DA:9,3
LF:6
LH:6
BRDA:12,0,0,3
BRDA:12,0,1,3
BRF:2
BRH:2
end_of_record
TN:
SF:server/controller.js
FN:5,(anonymous_0)
FN:9,(anonymous_1)
FN:13,(anonymous_2)
FN:31,(anonymous_3)
FN:38,(anonymous_4)
FNF:5
FNH:5
FNDA:6,(anonymous_0)
FNDA:1,(anonymous_1)
FNDA:3,(anonymous_2)
FNDA:1,(anonymous_3)
FNDA:1,(anonymous_4)
DA:6,6
DA:10,1
DA:14,3
DA:15,3
DA:18,3
DA:19,3
DA:20,1
DA:21,1
DA:23,2
DA:24,1
DA:25,1
DA:28,1
DA:36,1
DA:38,1
DA:39,1
DA:40,1
DA:43,1
LF:17
LH:17
BRDA:19,0,0,1
BRDA:19,0,1,2
BRDA:23,1,0,1
BRDA:23,1,1,1
BRF:4
BRH:4
end_of_record
TN:
SF:server/routes.js
FN:21,routes
FN:92,handleError
FN:104,handler
FN:106,(anonymous_3)
FNF:4
FNH:4
FNDA:10,routes
FNDA:3,handleError
FNDA:10,handler
FNDA:3,(anonymous_3)
DA:15,1
DA:19,1
DA:22,10
DA:24,10
DA:25,1
DA:29,1
DA:32,9
DA:35,1
DA:37,1
DA:40,8
DA:43,1
DA:45,1
DA:48,7
DA:50,1
DA:52,1
DA:54,1
DA:59,1
DA:62,6
DA:63,1
DA:64,1
DA:65,1
DA:67,1
DA:70,5
DA:75,4
DA:77,2
DA:79,2
DA:80,1
DA:85,2
DA:88,1
DA:89,1
DA:93,3
DA:94,1
DA:95,1
DA:96,1
DA:99,2
DA:100,2
DA:101,2
DA:105,10
DA:106,3
LF:39
LH:39
BRDA:24,0,0,1
BRDA:24,0,1,9
BRDA:24,1,0,10
BRDA:24,1,1,8
BRDA:32,2,0,1
BRDA:32,2,1,8
BRDA:32,3,0,9
BRDA:32,3,1,7
BRDA:40,4,0,1
BRDA:40,4,1,7
BRDA:40,5,0,8
BRDA:40,5,1,6
BRDA:48,6,0,1
BRDA:48,6,1,6
BRDA:48,7,0,7
BRDA:48,7,1,5
BRDA:62,8,0,1
BRDA:62,8,1,5
BRDA:62,9,0,6
BRDA:62,9,1,2
BRDA:70,10,0,4
BRDA:70,10,1,1
BRDA:79,11,0,1
BRDA:79,11,1,1
BRDA:93,12,0,1
BRDA:93,12,1,2
BRF:26
BRH:26
end_of_record
TN:
SF:server/service.js
FN:27,(anonymous_0)
FN:35,(anonymous_1)
FN:47,(anonymous_2)
FN:51,(anonymous_3)
FN:55,(anonymous_4)
FN:74,(anonymous_5)
FN:89,(anonymous_6)
FN:91,(anonymous_7)
FN:105,(anonymous_8)
FN:119,(anonymous_9)
FN:123,(anonymous_10)
FN:127,(anonymous_11)
FN:139,(anonymous_12)
FNF:13
FNH:13
FNDA:18,(anonymous_0)
FNDA:1,(anonymous_1)
FNDA:1,(anonymous_2)
FNDA:1,(anonymous_3)
FNDA:2,(anonymous_4)
FNDA:4,(anonymous_5)
FNDA:1,(anonymous_6)
FNDA:1,(anonymous_7)
FNDA:1,(anonymous_8)
FNDA:2,(anonymous_9)
FNDA:2,(anonymous_10)
FNDA:1,(anonymous_11)
FNDA:1,(anonymous_12)
DA:23,3
DA:28,18
DA:29,18
DA:30,18
DA:31,18
DA:32,18
DA:36,1
DA:37,1
DA:38,1
DA:40,1
DA:48,1
DA:52,1
DA:56,2
DA:57,2
DA:67,2
DA:69,2
DA:74,4
DA:75,2
DA:77,1
DA:83,1
DA:84,1
DA:90,1
DA:92,1
DA:93,2
DA:94,1
DA:95,1
DA:97,1
DA:100,1
DA:106,1
DA:108,1
DA:109,1
DA:110,1
DA:112,1
DA:120,2
DA:124,2
DA:129,1
DA:131,1
DA:132,1
DA:133,1
DA:141,1
DA:142,1
LF:41
LH:41
BRDA:75,0,0,1
BRDA:75,0,1,1
BRDA:93,1,0,1
BRDA:93,1,1,1
BRF:4
BRH:4
end_of_record
TN:
SF:server/util.js
FNF:0
FNH:0
DA:3,3
DA:13,3
LF:2
LH:2
BRF:0
BRH:0
end_of_record
TN:
SF:tests/unit/_util/testUtil.js
FN:6,(anonymous_0)
FN:9,(anonymous_1)
FN:19,(anonymous_2)
FN:22,(anonymous_3)
FN:29,(anonymous_4)
FN:46,(anonymous_5)
FNF:6
FNH:6
FNDA:29,(anonymous_0)
FNDA:5,(anonymous_1)
FNDA:13,(anonymous_2)
FNDA:1,(anonymous_3)
FNDA:10,(anonymous_4)
FNDA:10,(anonymous_5)
DA:8,29
DA:10,5
DA:11,5
DA:14,5
DA:21,13
DA:23,1
DA:24,1
DA:31,10
DA:32,10
DA:33,10
DA:45,10
DA:46,10
LF:12
LH:12
BRF:0
BRH:0
end_of_record
